2024-10-31 19:55:45 INFO  o.h.validator.internal.util.Version - HV000001: Hibernate Validator 8.0.1.Final
2024-10-31 19:55:45 INFO  c.r.p.usuarios.UsuariosApplication - Starting UsuariosApplication using Java 17.0.12 with PID 11588 (C:\Users\Rodrigo\Git\usuarios\target\classes started by Rodrigo in C:\Users\Rodrigo\Git\usuarios)
2024-10-31 19:55:45 INFO  c.r.p.usuarios.UsuariosApplication - No active profile set, falling back to 1 default profile: "default"
2024-10-31 19:55:45 INFO  o.s.b.d.e.DevToolsPropertyDefaultsPostProcessor - Devtools property defaults active! Set 'spring.devtools.add-properties' to 'false' to disable
2024-10-31 19:55:45 INFO  o.s.b.d.e.DevToolsPropertyDefaultsPostProcessor - For additional web related logging consider setting the 'logging.level.web' property to 'DEBUG'
2024-10-31 19:55:45 INFO  o.s.d.r.c.RepositoryConfigurationDelegate - Bootstrapping Spring Data MongoDB repositories in DEFAULT mode.
2024-10-31 19:55:45 INFO  o.s.d.r.c.RepositoryConfigurationDelegate - Finished Spring Data repository scanning in 43 ms. Found 1 MongoDB repository interface.
2024-10-31 19:55:46 INFO  o.s.b.w.e.tomcat.TomcatWebServer - Tomcat initialized with port 8080 (http)
2024-10-31 19:55:46 INFO  o.a.coyote.http11.Http11NioProtocol - Initializing ProtocolHandler ["http-nio-8080"]
2024-10-31 19:55:46 INFO  o.a.catalina.core.StandardService - Starting service [Tomcat]
2024-10-31 19:55:46 INFO  o.a.catalina.core.StandardEngine - Starting Servlet engine: [Apache Tomcat/10.1.30]
2024-10-31 19:55:46 INFO  o.a.c.c.C.[Tomcat].[localhost].[/] - Initializing Spring embedded WebApplicationContext
2024-10-31 19:55:46 INFO  o.s.b.w.s.c.ServletWebServerApplicationContext - Root WebApplicationContext: initialization completed in 966 ms
2024-10-31 19:55:46 INFO  org.mongodb.driver.client - MongoClient with metadata {"driver": {"name": "mongo-java-driver|sync|spring-boot", "version": "5.0.1"}, "os": {"type": "Windows", "name": "Windows 10", "architecture": "amd64", "version": "10.0"}, "platform": "Java/Oracle Corporation/17.0.12+8-LTS-286"} created with settings MongoClientSettings{readPreference=primary, writeConcern=WriteConcern{w=null, wTimeout=null ms, journal=null}, retryWrites=true, retryReads=true, readConcern=ReadConcern{level=null}, credential=null, transportSettings=null, commandListeners=[], codecRegistry=ProvidersCodecRegistry{codecProviders=[ValueCodecProvider{}, BsonValueCodecProvider{}, DBRefCodecProvider{}, DBObjectCodecProvider{}, DocumentCodecProvider{}, CollectionCodecProvider{}, IterableCodecProvider{}, MapCodecProvider{}, GeoJsonCodecProvider{}, GridFSFileCodecProvider{}, Jsr310CodecProvider{}, JsonObjectCodecProvider{}, BsonCodecProvider{}, EnumCodecProvider{}, com.mongodb.client.model.mql.ExpressionCodecProvider@578be1fe, com.mongodb.Jep395RecordCodecProvider@5e4a49bd, com.mongodb.KotlinCodecProvider@1e21f0a3]}, loggerSettings=LoggerSettings{maxDocumentLength=1000}, clusterSettings={hosts=[localhost:27017], srvServiceName=mongodb, mode=SINGLE, requiredClusterType=UNKNOWN, requiredReplicaSetName='null', serverSelector='null', clusterListeners='[]', serverSelectionTimeout='30000 ms', localThreshold='15 ms'}, socketSettings=SocketSettings{connectTimeoutMS=10000, readTimeoutMS=0, receiveBufferSize=0, proxySettings=ProxySettings{host=null, port=null, username=null, password=null}}, heartbeatSocketSettings=SocketSettings{connectTimeoutMS=10000, readTimeoutMS=10000, receiveBufferSize=0, proxySettings=ProxySettings{host=null, port=null, username=null, password=null}}, connectionPoolSettings=ConnectionPoolSettings{maxSize=100, minSize=0, maxWaitTimeMS=120000, maxConnectionLifeTimeMS=0, maxConnectionIdleTimeMS=0, maintenanceInitialDelayMS=0, maintenanceFrequencyMS=60000, connectionPoolListeners=[], maxConnecting=2}, serverSettings=ServerSettings{heartbeatFrequencyMS=10000, minHeartbeatFrequencyMS=500, serverListeners='[]', serverMonitorListeners='[]'}, sslSettings=SslSettings{enabled=false, invalidHostNameAllowed=false, context=null}, applicationName='null', compressorList=[], uuidRepresentation=JAVA_LEGACY, serverApi=null, autoEncryptionSettings=null, dnsClient=null, inetAddressResolver=null, contextProvider=null}
2024-10-31 19:55:46 INFO  org.mongodb.driver.cluster - Monitor thread successfully connected to server with description ServerDescription{address=localhost:27017, type=STANDALONE, state=CONNECTED, ok=true, minWireVersion=0, maxWireVersion=25, maxDocumentSize=16777216, logicalSessionTimeoutMinutes=30, roundTripTimeNanos=14556100}
2024-10-31 19:55:46 INFO  o.s.b.d.a.OptionalLiveReloadServer - LiveReload server is running on port 35729
2024-10-31 19:55:47 INFO  o.a.coyote.http11.Http11NioProtocol - Starting ProtocolHandler ["http-nio-8080"]
2024-10-31 19:55:47 INFO  o.s.b.w.e.tomcat.TomcatWebServer - Tomcat started on port 8080 (http) with context path '/'
2024-10-31 19:55:47 INFO  c.r.p.usuarios.UsuariosApplication - Started UsuariosApplication in 1.872 seconds (process running for 2.283)
2024-10-31 19:55:55 INFO  o.a.c.c.C.[Tomcat].[localhost].[/] - Initializing Spring DispatcherServlet 'dispatcherServlet'
2024-10-31 19:55:55 INFO  o.s.web.servlet.DispatcherServlet - Initializing Servlet 'dispatcherServlet'
2024-10-31 19:55:55 INFO  o.s.web.servlet.DispatcherServlet - Completed initialization in 1 ms
2024-10-31 19:55:55 INFO  c.r.p.u.s.i.UsuarioServiceImpl - Entrada da service = UsuarioServiceImpl - salvarUsuario - UsuarioRequestDTO{nome='joao', email='09test@gmail.com'}
2024-10-31 19:55:55 INFO  c.r.p.u.s.i.UsuarioServiceImpl - INICIO - Verificação de caracteres do nome
2024-10-31 19:55:55 INFO  c.r.p.u.s.i.UsuarioServiceImpl - FIM - Verificação de caracteres do nome
2024-10-31 19:55:55 INFO  c.r.p.u.s.i.UsuarioServiceImpl - INICIO - Verificação de campo duplicado
2024-10-31 19:55:55 INFO  c.r.p.u.s.i.UsuarioServiceImpl - FIM - Verificação de campo duplicado
2024-10-31 19:55:55 INFO  c.r.p.u.s.i.UsuarioServiceImpl - Saida da service = UsuarioServiceImpl - salvarUsuario - UsuarioEntity{id='67240afbdd5fad693ab6995f', nome='joao', email='09test@gmail.com'}
2024-10-31 19:55:55 INFO  c.r.p.u.controller.UsuarioController - Status: 201 - Request: UsuarioRequestDTO{nome='joao', email='09test@gmail.com'} Response: UsuarioResponseDTO{id='67240afbdd5fad693ab6995f', nome='joao', email='09test@gmail.com'}
2024-10-31 19:56:27 INFO  c.r.p.u.s.i.UsuarioServiceImpl - Entrada da service = UsuarioServiceImpl - buscarUsuarios - {}
2024-10-31 19:56:27 INFO  c.r.p.u.s.i.UsuarioServiceImpl - Saida da service = UsuarioServiceImpl - buscarUsuarios - [UsuarioResponseDTO{id='67237de9ef9fc77f22d12dc8', nome='Joao', email='gmail.com'}, UsuarioResponseDTO{id='672408e9181c426a18c273da', nome='joao', email='05test@gmail.com'}, UsuarioResponseDTO{id='67240afbdd5fad693ab6995f', nome='joao', email='09test@gmail.com'}]
2024-10-31 19:56:27 INFO  c.r.p.u.controller.UsuarioController - Status: 200 - Request:  Response: [UsuarioResponseDTO{id='67237de9ef9fc77f22d12dc8', nome='Joao', email='gmail.com'}, UsuarioResponseDTO{id='672408e9181c426a18c273da', nome='joao', email='05test@gmail.com'}, UsuarioResponseDTO{id='67240afbdd5fad693ab6995f', nome='joao', email='09test@gmail.com'}]
2024-10-31 19:56:47 INFO  c.r.p.u.s.i.UsuarioServiceImpl - Entrada da service = UsuarioServiceImpl - buscarUsuarioPorId - 67237de9ef9fc77f22d12dc5
2024-10-31 19:56:47 INFO  c.r.p.u.s.i.UsuarioServiceImpl - INICIO - Verificação de ID
2024-10-31 19:56:47 WARN  o.s.w.s.m.m.a.ExceptionHandlerExceptionResolver - Resolved [com.rdg.pratica.usuarios.exceptions.ElementoNaoEncontradoException: Usuario com id informado não encontrado]
2024-10-31 19:57:07 INFO  c.r.p.u.s.i.UsuarioServiceImpl - Entrada da service = UsuarioServiceImpl - buscarUsuarioPorId - 67237de9ef9fc77f22d12dc8
2024-10-31 19:57:07 INFO  c.r.p.u.s.i.UsuarioServiceImpl - INICIO - Verificação de ID
2024-10-31 19:57:07 INFO  c.r.p.u.s.i.UsuarioServiceImpl - FIM - Verificação de ID
2024-10-31 19:57:07 INFO  c.r.p.u.s.i.UsuarioServiceImpl - Saida da service = UsuarioServiceImpl - buscarUsuarioPorId - UsuarioEntity{id='67237de9ef9fc77f22d12dc8', nome='Joao', email='gmail.com'}
2024-10-31 19:57:07 INFO  c.r.p.u.controller.UsuarioController - Status: 200 - Request: 67237de9ef9fc77f22d12dc8 Response: UsuarioResponseDTO{id='67237de9ef9fc77f22d12dc8', nome='Joao', email='gmail.com'}
2024-10-31 19:57:31 INFO  c.r.p.u.s.i.UsuarioServiceImpl - Entrada da service = UsuarioServiceImpl - deletarUsuario - 67237de9ef9fc77f22d12dc8
2024-10-31 19:57:31 INFO  c.r.p.u.s.i.UsuarioServiceImpl - INICIO - Verificação de ID
2024-10-31 19:57:31 INFO  c.r.p.u.s.i.UsuarioServiceImpl - FIM - Verificação de ID
2024-10-31 19:57:31 INFO  c.r.p.u.s.i.UsuarioServiceImpl - Saida da service = UsuarioServiceImpl - deletarUsuario - {}
2024-10-31 19:57:31 INFO  c.r.p.u.controller.UsuarioController - Status: 200 - Request:  Response: 
